<?xml version="1.0" encoding="UTF-8"?>
<!-- Generated by org.testng.reporters.JUnitReportReporter -->
<testsuite hostname="RajKumar" failures="0" tests="1" name="apiCalls.Authentication" time="4.613" errors="0" timestamp="2021-04-12T16:34:02 IST" skipped="0">
  <testcase classname="apiCalls.Authentication" name="testAuth" time="4.613"/>
  <system-out/>
</testsuite> <!-- apiCalls.Authentication -->
