<?xml version="1.0" encoding="UTF-8"?>
<!-- Generated by org.testng.reporters.JUnitReportReporter -->
<testsuite hostname="RajKumar" failures="0" tests="1" name="apiCalls.CreatePassenger" time="6.486" errors="0" timestamp="2021-04-12T18:51:39 IST" skipped="0">
  <testcase classname="apiCalls.CreatePassenger" name="newPassenger" time="6.486"/>
  <system-out/>
</testsuite> <!-- apiCalls.CreatePassenger -->
