<?xml version="1.0" encoding="UTF-8"?>
<!-- Generated by org.testng.reporters.JUnitReportReporter -->
<testsuite hostname="RajKumar" failures="0" tests="1" name="complexJson.ComplexJsonExample" time="2.525" errors="0" timestamp="2021-05-03T21:56:05 IST" skipped="0">
  <testcase classname="complexJson.ComplexJsonExample" name="complxJsonValidations" time="2.525"/>
  <system-out/>
</testsuite> <!-- complexJson.ComplexJsonExample -->
