<?xml version="1.0" encoding="UTF-8"?>
<!-- Generated by org.testng.reporters.JUnitReportReporter -->
<testsuite hostname="RajKumar" failures="0" tests="1" name="apiCalls.PartialUpdatePassengerDetails" time="1.622" errors="0" timestamp="2021-04-27T14:23:54 IST" skipped="0">
  <testcase classname="apiCalls.PartialUpdatePassengerDetails" name="partialUpdate" time="1.622"/>
  <system-out/>
</testsuite> <!-- apiCalls.PartialUpdatePassengerDetails -->
