<?xml version="1.0" encoding="UTF-8"?>
<!-- Generated by org.testng.reporters.JUnitReportReporter -->
<testsuite hostname="RajKumar" failures="0" tests="3" name="apiCalls.UpdatePassenger" time="5.189" errors="0" timestamp="2021-04-27T14:23:54 IST" skipped="0">
  <testcase classname="apiCalls.UpdatePassenger" name="changesInPassengetDetails" time="1.734"/>
  <system-out/>
  <testcase classname="apiCalls.UpdatePassenger" name="changesInPassengetDetails" time="1.760"/>
  <system-out/>
  <testcase classname="apiCalls.UpdatePassenger" name="changesInPassengetDetails" time="1.695"/>
  <system-out/>
</testsuite> <!-- apiCalls.UpdatePassenger -->
