<?xml version="1.0" encoding="UTF-8"?>
<!-- Generated by org.testng.reporters.JUnitReportReporter -->
<testsuite hostname="RajKumar" failures="0" tests="1" name="complexJson.ComplexJsonValidations" time="1.616" errors="0" timestamp="2021-04-14T15:34:50 IST" skipped="0">
  <testcase classname="complexJson.ComplexJsonValidations" name="jsonHandling" time="1.616"/>
  <system-out/>
</testsuite> <!-- complexJson.ComplexJsonValidations -->
