<?xml version="1.0" encoding="UTF-8"?>
<!-- Generated by org.testng.reporters.JUnitReportReporter -->
<testsuite hostname="RajKumar" failures="0" tests="1" name="apiCalls.OAuth2_Authentication_Token" time="6.897" errors="0" timestamp="2021-04-16T02:35:57 IST" skipped="0">
  <testcase classname="apiCalls.OAuth2_Authentication_Token" name="tokenGenerate" time="6.897"/>
  <system-out/>
</testsuite> <!-- apiCalls.OAuth2_Authentication_Token -->
