<?xml version="1.0" encoding="UTF-8"?>
<!-- Generated by org.testng.reporters.JUnitReportReporter -->
<testsuite hostname="RajKumar" failures="0" tests="1" name="apiCalls.GetPassenger" time="8.515" errors="0" timestamp="2021-04-27T14:23:54 IST" skipped="0">
  <testcase classname="apiCalls.GetPassenger" name="retrivePassenger" time="8.515"/>
  <system-out/>
</testsuite> <!-- apiCalls.GetPassenger -->
