<?xml version="1.0" encoding="UTF-8"?>
<!-- Generated by org.testng.reporters.JUnitReportReporter -->
<testsuite hostname="RajKumar" failures="0" tests="1" name="apiCalls.DeletePassenger" time="1.646" errors="0" timestamp="2021-04-27T14:23:54 IST" skipped="0">
  <testcase classname="apiCalls.DeletePassenger" name="removeUser" time="1.646"/>
  <system-out/>
</testsuite> <!-- apiCalls.DeletePassenger -->
